#
# A fatal error has been detected by the Java Runtime Environment:
#
#  EXCEPTION_ACCESS_VIOLATION (0xc0000005) at pc=0x00007ffac870521d, pid=3580, tid=15100
#
# JRE version: OpenJDK Runtime Environment Corretto-11.0.9.12.1 (11.0.9.1+12) (build 11.0.9.1+12-LTS)
# Java VM: OpenJDK 64-Bit Server VM Corretto-11.0.9.12.1 (11.0.9.1+12-LTS, mixed mode, tiered, compressed oops, g1 gc, windows-amd64)
# Problematic frame:
# V  [jvm.dll+0x2d521d]
#
# No core dump will be written. Minidumps are not enabled by default on client versions of Windows
#
# If you would like to submit a bug report, please visit:
#   https://bugreport.java.com/bugreport/crash.jsp
#

---------------  S U M M A R Y ------------

Command Line: C:\Users\about\AppData\Local\Temp\surefire6886991320649504776\surefirebooter9077380646112378519.jar C:\Users\about\AppData\Local\Temp\surefire6886991320649504776 2021-06-28T12-35-28_300-jvmRun1 surefire16362586570689187064tmp surefire_05445429178313970564tmp

Host: Intel(R) Core(TM) i5-4460  CPU @ 3.20GHz, 4 cores, 7G,  Windows 10 , 64 bit Build 19041 (10.0.19041.1023)
Time: Mon Jun 28 12:35:39 2021 AUS Eastern Standard Time elapsed time: 10.735776 seconds (0d 0h 0m 10s)

---------------  T H R E A D  ---------------

Current thread (0x0000014660dd9800):  GCTaskThread "GC Thread#3" [stack: 0x00000009da800000,0x00000009da900000] [id=15100]

Stack: [0x00000009da800000,0x00000009da900000],  sp=0x00000009da8feee0,  free space=1019k
Native frames: (J=compiled Java code, j=interpreted, Vv=VM code, C=native code)
V  [jvm.dll+0x2d521d]
V  [jvm.dll+0x2fd290]
V  [jvm.dll+0x2fdec9]
V  [jvm.dll+0x2fc3b3]
V  [jvm.dll+0x30a1be]
V  [jvm.dll+0x30a085]
V  [jvm.dll+0x308ecc]
V  [jvm.dll+0x2df3cf]
V  [jvm.dll+0x3092f2]
V  [jvm.dll+0x2ddd99]
V  [jvm.dll+0x7aa3c0]
V  [jvm.dll+0x73ad54]
V  [jvm.dll+0x5f3f76]
C  [ucrtbase.dll+0x21bb2]
C  [KERNEL32.DLL+0x17034]
C  [ntdll.dll+0x52651]


siginfo: EXCEPTION_ACCESS_VIOLATION (0xc0000005), reading address 0x00000000000000f8


Register to memory mapping:

RIP=0x00007ffac870521d jvm.dll
RAX=0x000001463e754e80 points into unknown readable memory: 00 00 00 00 00 00 00 00
RBX=0x00000146621295c0 points into unknown readable memory: 18 46 cb c8 fa 7f 00 00
RCX=0x0000000000000014 is an unknown value
RDX=0x0 is NULL
RSP=0x00000009da8feee0 points into unknown readable memory: 02 00 00 00 00 00 00 00
RBP=0x00000146621295c0 points into unknown readable memory: 18 46 cb c8 fa 7f 00 00
RSI=0x0000014662129730 points into unknown readable memory: d0 45 cb c8 fa 7f 00 00
RDI=0x0000000082be44e8 points into unknown readable memory: 00 00 00 00 00 00 00 00
R8 =0x0000000082be44dc is pointing into object: [Ljava.util.HashMap$Node; 
{0x0000000082be4498} - klass: 'java/util/HashMap$Node'[]
 - length: 16
R9 =0x0000000000000002 is an unknown value
R10=0x0000000082be44dc is pointing into object: [Ljava.util.HashMap$Node; 
{0x0000000082be4498} - klass: 'java/util/HashMap$Node'[]
 - length: 16
R11=0x0000014662129730 points into unknown readable memory: d0 45 cb c8 fa 7f 00 00
R12=0x0000000000000002 is an unknown value
R13=0x000000000000000a is an unknown value
R14=0x000000008601ef38 is an oop: [Ljava.util.HashMap$Node; 
{0x000000008601ef38} - klass: 'java/util/HashMap$Node'[]
 - length: 16
R15=0x0000000000000011 is an unknown value


Registers:
RAX=0x000001463e754e80, RBX=0x00000146621295c0, RCX=0x0000000000000014, RDX=0x0000000000000000
RSP=0x00000009da8feee0, RBP=0x00000146621295c0, RSI=0x0000014662129730, RDI=0x0000000082be44e8
R8 =0x0000000082be44dc, R9 =0x0000000000000002, R10=0x0000000082be44dc, R11=0x0000014662129730
R12=0x0000000000000002, R13=0x000000000000000a, R14=0x000000008601ef38, R15=0x0000000000000011
RIP=0x00007ffac870521d, EFLAGS=0x0000000000010202

Top of Stack: (sp=0x00000009da8feee0)
0x00000009da8feee0:   0000000000000002 0000000082be44b9
0x00000009da8feef0:   0000000082be4484 00007ffac872cf7f
0x00000009da8fef00:   0000000082be44dc 00007ffac872d290
0x00000009da8fef10:   0000000082be44b8 0000000000000005
0x00000009da8fef20:   0000000000000015 000000008601ef00
0x00000009da8fef30:   0000000000000001 00007ffac872dec9
0x00000009da8fef40:   0000000000000002 0000000082be4498
0x00000009da8fef50:   0000000082be4460 00007ffac8701d6d
0x00000009da8fef60:   0000000082400000 0000000000020000
0x00000009da8fef70:   000000053e7d1490 0000000000000040
0x00000009da8fef80:   00000146621295c0 0000000000000040
0x00000009da8fef90:   000001463e744b10 0000000000000014
0x00000009da8fefa0:   0000000000000000 000001463e744a90
0x00000009da8fefb0:   00000000824aac00 00007ffac872c3b3
0x00000009da8fefc0:   000001463e7d1490 00007ffac87739d0
0x00000009da8fefd0:   0000000000000011 0000000082be4484 

Instructions: (pc=0x00007ffac870521d)
0x00007ffac870511d:   48 ff 47 20 48 8b 5c 24 30 48 83 c4 20 5f c3 cc
0x00007ffac870512d:   cc cc cc 48 89 5c 24 08 57 48 83 ec 20 48 8b 41
0x00007ffac870513d:   18 48 8b fa 48 8b 58 10 48 8b cb e8 53 7c 00 00
0x00007ffac870514d:   84 c0 75 29 48 81 c3 90 00 00 00 48 8b 4b 20 48
0x00007ffac870515d:   3b 4b 08 75 0c 48 8b cb e8 26 31 f6 ff 48 8b 4b
0x00007ffac870516d:   20 48 8b 43 38 48 89 3c c8 48 ff 43 20 48 8b 5c
0x00007ffac870517d:   24 30 48 83 c4 20 5f c3 cc cc cc cc cc cc cc cc
0x00007ffac870518d:   cc cc cc 48 89 5c 24 08 57 48 83 ec 20 48 8b 79
0x00007ffac870519d:   10 48 8b da 48 83 cb 01 48 8b cf 48 8b d3 e8 f0
0x00007ffac87051ad:   7b 00 00 84 c0 75 29 48 81 c7 90 00 00 00 48 8b
0x00007ffac87051bd:   4f 20 48 3b 4f 08 75 0c 48 8b cf e8 c3 30 f6 ff
0x00007ffac87051cd:   48 8b 4f 20 48 8b 47 38 48 89 1c c8 48 ff 47 20
0x00007ffac87051dd:   48 8b 5c 24 30 48 83 c4 20 5f c3 cc cc cc cc cc
0x00007ffac87051ed:   cc cc cc 40 53 48 83 ec 20 8b 82 04 01 00 00 48
0x00007ffac87051fd:   8b d9 d1 e8 a8 01 75 6b 48 8b 41 08 8b 88 c0 02
0x00007ffac870520d:   00 00 48 8b 80 b0 02 00 00 49 d3 e9 4a 8b 14 c8
0x00007ffac870521d:   48 8b 82 f8 00 00 00 83 b8 18 01 00 00 00 74 43
0x00007ffac870522d:   48 8b 4b 50 48 89 7c 24 30 49 c1 e8 09 48 8b 79
0x00007ffac870523d:   48 48 2b 79 40 49 03 f8 48 8b d7 e8 d3 ca ff ff
0x00007ffac870524d:   84 c0 74 1a 80 7b 28 00 48 8d 4b 18 74 10 48 8b
0x00007ffac870525d:   43 50 48 8b 50 40 48 03 d7 e8 b5 9c 36 00 48 8b
0x00007ffac870526d:   7c 24 30 48 83 c4 20 5b c3 cc cc cc cc cc cc cc
0x00007ffac870527d:   cc cc cc 40 53 48 83 ec 50 48 89 74 24 68 48 8b
0x00007ffac870528d:   d9 48 89 7c 24 70 48 8b fa 4c 89 6c 24 40 4c 89
0x00007ffac870529d:   74 24 38 e8 4b 91 f1 ff 48 8d 05 d4 93 5a 00 48
0x00007ffac87052ad:   89 7b 58 45 33 ed 48 89 03 48 8d 4b 68 4c 89 6b
0x00007ffac87052bd:   48 4c 89 6b 60 e8 09 01 3f 00 48 8d 4b 78 4c 8d
0x00007ffac87052cd:   05 ce 0e 59 00 48 8d 15 3f 9d 5a 00 e8 12 4f 2c
0x00007ffac87052dd:   00 48 8d 8b 40 01 00 00 4c 8d 05 c4 0e 59 00 48
0x00007ffac87052ed:   8d 15 3d 9d 5a 00 e8 f8 4e 2c 00 41 8d 55 05 4c
0x00007ffac87052fd:   89 ab 08 02 00 00 45 33 c0 4c 89 ab 10 02 00 00
0x00007ffac870530d:   4c 89 ab 18 02 00 00 8d 4a 03 e8 f4 fe dd ff 48 


Stack slot to memory mapping:
stack at sp + 0 slots: 0x0000000000000002 is an unknown value
stack at sp + 1 slots: 0x0000000082be44b9 is pointing into object: [Ljava.util.HashMap$Node; 
{0x0000000082be4498} - klass: 'java/util/HashMap$Node'[]
 - length: 16
stack at sp + 2 slots: 0x0000000082be4484 is pointing into object: java.util.LinkedHashMap 
{0x0000000082be4460} - klass: 'java/util/LinkedHashMap'
stack at sp + 3 slots: 0x00007ffac872cf7f jvm.dll
stack at sp + 4 slots: 0x0000000082be44dc is pointing into object: [Ljava.util.HashMap$Node; 
{0x0000000082be4498} - klass: 'java/util/HashMap$Node'[]
 - length: 16
stack at sp + 5 slots: 0x00007ffac872d290 jvm.dll
stack at sp + 6 slots: 0x0000000082be44b8 is pointing into object: [Ljava.util.HashMap$Node; 
{0x0000000082be4498} - klass: 'java/util/HashMap$Node'[]
 - length: 16
stack at sp + 7 slots: 0x0000000000000005 is an unknown value


---------------  P R O C E S S  ---------------

Threads class SMR info:
_java_thread_list=0x00000146610fa6b0, length=16, elements={
0x000001463e72b000, 0x000001465cea4000, 0x000001465d6d8800, 0x000001465d736000,
0x000001465d737000, 0x000001465d738800, 0x000001465d73b000, 0x000001465d6e5800,
0x000001465d8a1000, 0x000001465d8a7000, 0x000001465d988000, 0x000001465dbe0000,
0x000001465dbee800, 0x0000014661e6b800, 0x0000014662568000, 0x0000014661dd7000
}

Java Threads: ( => current thread )
  0x000001463e72b000 JavaThread "main" [_thread_blocked, id=4284, stack(0x00000009d9000000,0x00000009d9100000)]
  0x000001465cea4000 JavaThread "Reference Handler" daemon [_thread_blocked, id=3412, stack(0x00000009d9700000,0x00000009d9800000)]
  0x000001465d6d8800 JavaThread "Finalizer" daemon [_thread_blocked, id=1784, stack(0x00000009d9800000,0x00000009d9900000)]
  0x000001465d736000 JavaThread "Signal Dispatcher" daemon [_thread_blocked, id=11712, stack(0x00000009d9900000,0x00000009d9a00000)]
  0x000001465d737000 JavaThread "Attach Listener" daemon [_thread_blocked, id=11892, stack(0x00000009d9a00000,0x00000009d9b00000)]
  0x000001465d738800 JavaThread "C2 CompilerThread0" daemon [_thread_blocked, id=5668, stack(0x00000009d9b00000,0x00000009d9c00000)]
  0x000001465d73b000 JavaThread "C1 CompilerThread0" daemon [_thread_blocked, id=3164, stack(0x00000009d9c00000,0x00000009d9d00000)]
  0x000001465d6e5800 JavaThread "Sweeper thread" daemon [_thread_blocked, id=4328, stack(0x00000009d9d00000,0x00000009d9e00000)]
  0x000001465d8a1000 JavaThread "Service Thread" daemon [_thread_blocked, id=2448, stack(0x00000009d9e00000,0x00000009d9f00000)]
  0x000001465d8a7000 JavaThread "Common-Cleaner" daemon [_thread_blocked, id=15248, stack(0x00000009da000000,0x00000009da100000)]
  0x000001465d988000 JavaThread "surefire-forkedjvm-command-thread" daemon [_thread_in_native, id=11172, stack(0x00000009da100000,0x00000009da200000)]
  0x000001465dbe0000 JavaThread "surefire-forkedjvm-ping-30s" daemon [_thread_blocked, id=1496, stack(0x00000009da200000,0x00000009da300000)]
  0x000001465dbee800 JavaThread "C2 CompilerThread1" daemon [_thread_in_native, id=12988, stack(0x00000009da300000,0x00000009da400000)]
  0x0000014661e6b800 JavaThread "HikariPool-1 housekeeper" daemon [_thread_blocked, id=780, stack(0x00000009da600000,0x00000009da700000)]
  0x0000014662568000 JavaThread "HikariPool-2 housekeeper" daemon [_thread_blocked, id=3740, stack(0x00000009da700000,0x00000009da800000)]
  0x0000014661dd7000 JavaThread "HikariPool-2 connection adder" daemon [_thread_blocked, id=9996, stack(0x00000009da900000,0x00000009daa00000)]

Other Threads:
  0x000001465ce9f000 VMThread "VM Thread" [stack: 0x00000009d9600000,0x00000009d9700000] [id=10140]
  0x000001465d8a2000 WatcherThread [stack: 0x00000009d9f00000,0x00000009da000000] [id=2816]
  0x000001463e743800 GCTaskThread "GC Thread#0" [stack: 0x00000009d9100000,0x00000009d9200000] [id=2920]
  0x000001465e16d000 GCTaskThread "GC Thread#1" [stack: 0x00000009da400000,0x00000009da500000] [id=13648]
  0x000001465e16e000 GCTaskThread "GC Thread#2" [stack: 0x00000009da500000,0x00000009da600000] [id=14444]
=>0x0000014660dd9800 GCTaskThread "GC Thread#3" [stack: 0x00000009da800000,0x00000009da900000] [id=15100]
  0x000001463e775000 ConcurrentGCThread "G1 Main Marker" [stack: 0x00000009d9200000,0x00000009d9300000] [id=12256]
  0x000001463e777800 ConcurrentGCThread "G1 Conc#0" [stack: 0x00000009d9300000,0x00000009d9400000] [id=14036]
  0x000001465cd07800 ConcurrentGCThread "G1 Refine#0" [stack: 0x00000009d9400000,0x00000009d9500000] [id=908]
  0x000001465cd08800 ConcurrentGCThread "G1 Young RemSet Sampling" [stack: 0x00000009d9500000,0x00000009d9600000] [id=9940]

Threads with active compile tasks:
C2 CompilerThread0  10790 7310 % !   4       org.springframework.beans.factory.support.DefaultListableBeanFactory::doGetBeanNamesForType @ 20 (511 bytes)
C2 CompilerThread1  10790 6923       4       org.springframework.core.annotation.AnnotationsScanner::scan (18 bytes)

VM state:at safepoint (normal execution)

VM Mutex/Monitor currently owned by a thread:  ([mutex/lock_event])
[0x000001463e729060] Threads_lock - owner thread: 0x000001465ce9f000
[0x000001463e727b90] Heap_lock - owner thread: 0x000001463e72b000

Heap address: 0x0000000081000000, size: 2032 MB, Compressed Oops mode: 32-bit
Narrow klass base: 0x0000000000000000, Narrow klass shift: 3
Compressed class space size: 1073741824 Address: 0x0000000100000000

Heap:
 garbage-first heap   total 220160K, used 153988K [0x0000000081000000, 0x0000000100000000)
  region size 1024K, 126 young (129024K), 10 survivors (10240K)
 Metaspace       used 77736K, capacity 80151K, committed 80256K, reserved 1118208K
  class space    used 10103K, capacity 11103K, committed 11136K, reserved 1048576K
Heap Regions: E=young(eden), S=young(survivor), O=old, HS=humongous(starts), HC=humongous(continues), CS=collection set, F=free, A=archive, TAMS=top-at-mark-start (previous, next)
|   0|0x0000000081000000, 0x0000000081100000, 0x0000000081100000|100%|HS|  |TAMS 0x0000000081100000, 0x0000000081000000| Complete 
|   1|0x0000000081100000, 0x0000000081200000, 0x0000000081200000|100%| O|  |TAMS 0x0000000081200000, 0x0000000081100000| Untracked 
|   2|0x0000000081200000, 0x0000000081300000, 0x0000000081300000|100%| O|  |TAMS 0x0000000081300000, 0x0000000081200000| Untracked 
|   3|0x0000000081300000, 0x0000000081400000, 0x0000000081400000|100%| O|  |TAMS 0x0000000081400000, 0x0000000081300000| Untracked 
|   4|0x0000000081400000, 0x0000000081500000, 0x0000000081500000|100%| O|  |TAMS 0x0000000081500000, 0x0000000081400000| Untracked 
|   5|0x0000000081500000, 0x0000000081600000, 0x0000000081600000|100%| O|  |TAMS 0x0000000081600000, 0x0000000081500000| Untracked 
|   6|0x0000000081600000, 0x0000000081700000, 0x0000000081700000|100%| O|  |TAMS 0x0000000081700000, 0x0000000081600000| Untracked 
|   7|0x0000000081700000, 0x0000000081800000, 0x0000000081800000|100%| O|  |TAMS 0x0000000081800000, 0x0000000081700000| Untracked 
|   8|0x0000000081800000, 0x0000000081900000, 0x0000000081900000|100%| O|  |TAMS 0x0000000081900000, 0x0000000081800000| Untracked 
|   9|0x0000000081900000, 0x0000000081a00000, 0x0000000081a00000|100%| O|  |TAMS 0x0000000081a00000, 0x0000000081900000| Untracked 
|  10|0x0000000081a00000, 0x0000000081b00000, 0x0000000081b00000|100%| O|  |TAMS 0x0000000081b00000, 0x0000000081a00000| Untracked 
|  11|0x0000000081b00000, 0x0000000081c00000, 0x0000000081c00000|100%| O|  |TAMS 0x0000000081be1000, 0x0000000081b00000| Untracked 
|  12|0x0000000081c00000, 0x0000000081d00000, 0x0000000081d00000|100%| O|  |TAMS 0x0000000081c00000, 0x0000000081c00000| Untracked 
|  13|0x0000000081d00000, 0x0000000081e00000, 0x0000000081e00000|100%| O|  |TAMS 0x0000000081d00000, 0x0000000081d00000| Untracked 
|  14|0x0000000081e00000, 0x0000000081f00000, 0x0000000081f00000|100%| O|  |TAMS 0x0000000081e00000, 0x0000000081e00000| Untracked 
|  15|0x0000000081f00000, 0x0000000082000000, 0x0000000082000000|100%| O|  |TAMS 0x0000000081f00000, 0x0000000081f00000| Untracked 
|  16|0x0000000082000000, 0x0000000082100000, 0x0000000082100000|100%| O|  |TAMS 0x0000000082000000, 0x0000000082000000| Untracked 
|  17|0x0000000082100000, 0x0000000082200000, 0x0000000082200000|100%| O|  |TAMS 0x0000000082100000, 0x0000000082100000| Untracked 
|  18|0x0000000082200000, 0x0000000082300000, 0x0000000082300000|100%| O|  |TAMS 0x0000000082200000, 0x0000000082200000| Untracked 
|  19|0x0000000082300000, 0x0000000082400000, 0x0000000082400000|100%| O|  |TAMS 0x0000000082300000, 0x0000000082300000| Untracked 
|  20|0x0000000082400000, 0x0000000082500000, 0x0000000082500000|100%| O|  |TAMS 0x0000000082400000, 0x0000000082400000| Untracked 
|  21|0x0000000082500000, 0x0000000082600000, 0x0000000082600000|100%| O|  |TAMS 0x0000000082500000, 0x0000000082500000| Untracked 
|  22|0x0000000082600000, 0x0000000082700000, 0x0000000082700000|100%| O|  |TAMS 0x0000000082600000, 0x0000000082600000| Untracked 
|  23|0x0000000082700000, 0x0000000082800000, 0x0000000082800000|100%| O|  |TAMS 0x0000000082700000, 0x0000000082700000| Untracked 
|  24|0x0000000082800000, 0x0000000082900000, 0x0000000082900000|100%| O|  |TAMS 0x0000000082800000, 0x0000000082800000| Untracked 
|  25|0x0000000082900000, 0x0000000082a00000, 0x0000000082a00000|100%| O|  |TAMS 0x0000000082900000, 0x0000000082900000| Untracked 
|  26|0x0000000082a00000, 0x0000000082b00000, 0x0000000082b00000|100%| O|  |TAMS 0x0000000082a00000, 0x0000000082a00000| Untracked 
|  27|0x0000000082b00000, 0x0000000082c00000, 0x0000000082c00000|100%| O|  |TAMS 0x0000000082b00000, 0x0000000082b00000| Untracked 
|  28|0x0000000082c00000, 0x0000000082d00000, 0x0000000082d00000|100%| O|  |TAMS 0x0000000082c00000, 0x0000000082c00000| Untracked 
|  29|0x0000000082d00000, 0x0000000082d6bca0, 0x0000000082e00000| 42%| O|  |TAMS 0x0000000082d00000, 0x0000000082d00000| Untracked 
|  30|0x0000000082e00000, 0x0000000082e00000, 0x0000000082f00000|  0%| F|  |TAMS 0x0000000082e00000, 0x0000000082e00000| Untracked 
|  31|0x0000000082f00000, 0x0000000082f00000, 0x0000000083000000|  0%| F|  |TAMS 0x0000000082f00000, 0x0000000082f00000| Untracked 
|  32|0x0000000083000000, 0x0000000083000000, 0x0000000083100000|  0%| F|  |TAMS 0x0000000083000000, 0x0000000083000000| Untracked 
|  33|0x0000000083100000, 0x0000000083100000, 0x0000000083200000|  0%| F|  |TAMS 0x0000000083100000, 0x0000000083100000| Untracked 
|  34|0x0000000083200000, 0x0000000083200000, 0x0000000083300000|  0%| F|  |TAMS 0x0000000083200000, 0x0000000083200000| Untracked 
|  35|0x0000000083300000, 0x0000000083300000, 0x0000000083400000|  0%| F|  |TAMS 0x0000000083300000, 0x0000000083300000| Untracked 
|  36|0x0000000083400000, 0x0000000083400000, 0x0000000083500000|  0%| F|  |TAMS 0x0000000083400000, 0x0000000083400000| Untracked 
|  37|0x0000000083500000, 0x0000000083500000, 0x0000000083600000|  0%| F|  |TAMS 0x0000000083500000, 0x0000000083500000| Untracked 
|  38|0x0000000083600000, 0x0000000083600000, 0x0000000083700000|  0%| F|  |TAMS 0x0000000083600000, 0x0000000083600000| Untracked 
|  39|0x0000000083700000, 0x0000000083700000, 0x0000000083800000|  0%| F|  |TAMS 0x0000000083700000, 0x0000000083700000| Untracked 
|  40|0x0000000083800000, 0x0000000083800000, 0x0000000083900000|  0%| F|  |TAMS 0x0000000083800000, 0x0000000083800000| Untracked 
|  41|0x0000000083900000, 0x0000000083900000, 0x0000000083a00000|  0%| F|  |TAMS 0x0000000083900000, 0x0000000083900000| Untracked 
|  42|0x0000000083a00000, 0x0000000083a00000, 0x0000000083b00000|  0%| F|  |TAMS 0x0000000083a00000, 0x0000000083a00000| Untracked 
|  43|0x0000000083b00000, 0x0000000083b00000, 0x0000000083c00000|  0%| F|  |TAMS 0x0000000083b00000, 0x0000000083b00000| Untracked 
|  44|0x0000000083c00000, 0x0000000083c00000, 0x0000000083d00000|  0%| F|  |TAMS 0x0000000083c00000, 0x0000000083c00000| Untracked 
|  45|0x0000000083d00000, 0x0000000083d00000, 0x0000000083e00000|  0%| F|  |TAMS 0x0000000083d00000, 0x0000000083d00000| Untracked 
|  46|0x0000000083e00000, 0x0000000083e00000, 0x0000000083f00000|  0%| F|  |TAMS 0x0000000083e00000, 0x0000000083e00000| Untracked 
|  47|0x0000000083f00000, 0x0000000083f00000, 0x0000000084000000|  0%| F|  |TAMS 0x0000000083f00000, 0x0000000083f00000| Untracked 
|  48|0x0000000084000000, 0x0000000084000000, 0x0000000084100000|  0%| F|  |TAMS 0x0000000084000000, 0x0000000084000000| Untracked 
|  49|0x0000000084100000, 0x0000000084100000, 0x0000000084200000|  0%| F|  |TAMS 0x0000000084100000, 0x0000000084100000| Untracked 
|  50|0x0000000084200000, 0x0000000084200000, 0x0000000084300000|  0%| F|  |TAMS 0x0000000084200000, 0x0000000084200000| Untracked 
|  51|0x0000000084300000, 0x0000000084300000, 0x0000000084400000|  0%| F|  |TAMS 0x0000000084300000, 0x0000000084300000| Untracked 
|  52|0x0000000084400000, 0x0000000084400000, 0x0000000084500000|  0%| F|  |TAMS 0x0000000084400000, 0x0000000084400000| Untracked 
|  53|0x0000000084500000, 0x0000000084500000, 0x0000000084600000|  0%| F|  |TAMS 0x0000000084500000, 0x0000000084500000| Untracked 
|  54|0x0000000084600000, 0x0000000084600000, 0x0000000084700000|  0%| F|  |TAMS 0x0000000084600000, 0x0000000084600000| Untracked 
|  55|0x0000000084700000, 0x0000000084700000, 0x0000000084800000|  0%| F|  |TAMS 0x0000000084700000, 0x0000000084700000| Untracked 
|  56|0x0000000084800000, 0x0000000084800000, 0x0000000084900000|  0%| F|  |TAMS 0x0000000084800000, 0x0000000084800000| Untracked 
|  57|0x0000000084900000, 0x0000000084900000, 0x0000000084a00000|  0%| F|  |TAMS 0x0000000084900000, 0x0000000084900000| Untracked 
|  58|0x0000000084a00000, 0x0000000084a00000, 0x0000000084b00000|  0%| F|  |TAMS 0x0000000084a00000, 0x0000000084a00000| Untracked 
|  59|0x0000000084b00000, 0x0000000084b00000, 0x0000000084c00000|  0%| F|  |TAMS 0x0000000084b00000, 0x0000000084b00000| Untracked 
|  60|0x0000000084c00000, 0x0000000084c00000, 0x0000000084d00000|  0%| F|  |TAMS 0x0000000084c00000, 0x0000000084c00000| Untracked 
|  61|0x0000000084d00000, 0x0000000084d00000, 0x0000000084e00000|  0%| F|  |TAMS 0x0000000084d00000, 0x0000000084d00000| Untracked 
|  62|0x0000000084e00000, 0x0000000084e00000, 0x0000000084f00000|  0%| F|  |TAMS 0x0000000084e00000, 0x0000000084e00000| Untracked 
|  63|0x0000000084f00000, 0x0000000084f00000, 0x0000000085000000|  0%| F|  |TAMS 0x0000000084f00000, 0x0000000084f00000| Untracked 
|  64|0x0000000085000000, 0x0000000085000000, 0x0000000085100000|  0%| F|  |TAMS 0x0000000085000000, 0x0000000085000000| Untracked 
|  65|0x0000000085100000, 0x0000000085100000, 0x0000000085200000|  0%| F|  |TAMS 0x0000000085100000, 0x0000000085100000| Untracked 
|  66|0x0000000085200000, 0x0000000085200000, 0x0000000085300000|  0%| F|  |TAMS 0x0000000085200000, 0x0000000085200000| Untracked 
|  67|0x0000000085300000, 0x0000000085300000, 0x0000000085400000|  0%| F|  |TAMS 0x0000000085300000, 0x0000000085300000| Untracked 
|  68|0x0000000085400000, 0x0000000085400000, 0x0000000085500000|  0%| F|  |TAMS 0x0000000085400000, 0x0000000085400000| Untracked 
|  69|0x0000000085500000, 0x0000000085500000, 0x0000000085600000|  0%| F|  |TAMS 0x0000000085500000, 0x0000000085500000| Untracked 
|  70|0x0000000085600000, 0x0000000085600000, 0x0000000085700000|  0%| F|  |TAMS 0x0000000085600000, 0x0000000085600000| Untracked 
|  71|0x0000000085700000, 0x0000000085700000, 0x0000000085800000|  0%| F|  |TAMS 0x0000000085700000, 0x0000000085700000| Untracked 
|  72|0x0000000085800000, 0x0000000085800000, 0x0000000085900000|  0%| F|  |TAMS 0x0000000085800000, 0x0000000085800000| Untracked 
|  73|0x0000000085900000, 0x0000000085a00000, 0x0000000085a00000|100%| E|CS|TAMS 0x0000000085900000, 0x0000000085900000| Complete 
|  74|0x0000000085a00000, 0x0000000085b00000, 0x0000000085b00000|100%| E|CS|TAMS 0x0000000085a00000, 0x0000000085a00000| Complete 
|  75|0x0000000085b00000, 0x0000000085c00000, 0x0000000085c00000|100%| E|CS|TAMS 0x0000000085b00000, 0x0000000085b00000| Complete 
|  76|0x0000000085c00000, 0x0000000085d00000, 0x0000000085d00000|100%| E|CS|TAMS 0x0000000085c00000, 0x0000000085c00000| Complete 
|  77|0x0000000085d00000, 0x0000000085e00000, 0x0000000085e00000|100%| E|CS|TAMS 0x0000000085d00000, 0x0000000085d00000| Complete 
|  78|0x0000000085e00000, 0x0000000085f00000, 0x0000000085f00000|100%| E|CS|TAMS 0x0000000085e00000, 0x0000000085e00000| Complete 
|  79|0x0000000085f00000, 0x0000000086000000, 0x0000000086000000|100%| E|CS|TAMS 0x0000000085f00000, 0x0000000085f00000| Complete 
|  80|0x0000000086000000, 0x0000000086100000, 0x0000000086100000|100%| E|CS|TAMS 0x0000000086000000, 0x0000000086000000| Complete 
|  81|0x0000000086100000, 0x0000000086200000, 0x0000000086200000|100%| E|CS|TAMS 0x0000000086100000, 0x0000000086100000| Complete 
|  82|0x0000000086200000, 0x0000000086300000, 0x0000000086300000|100%| E|CS|TAMS 0x0000000086200000, 0x0000000086200000| Complete 
|  83|0x0000000086300000, 0x0000000086400000, 0x0000000086400000|100%| E|CS|TAMS 0x0000000086300000, 0x0000000086300000| Complete 
|  84|0x0000000086400000, 0x0000000086500000, 0x0000000086500000|100%| E|CS|TAMS 0x0000000086400000, 0x0000000086400000| Complete 
|  85|0x0000000086500000, 0x0000000086600000, 0x0000000086600000|100%| E|CS|TAMS 0x0000000086500000, 0x0000000086500000| Complete 
|  86|0x0000000086600000, 0x0000000086600000, 0x0000000086700000|  0%| F|  |TAMS 0x0000000086600000, 0x0000000086600000| Untracked 
|  87|0x0000000086700000, 0x0000000086700000, 0x0000000086800000|  0%| F|  |TAMS 0x0000000086700000, 0x0000000086700000| Untracked 
|  88|0x0000000086800000, 0x0000000086800000, 0x0000000086900000|  0%| F|  |TAMS 0x0000000086800000, 0x0000000086800000| Untracked 
|  89|0x0000000086900000, 0x0000000086a00000, 0x0000000086a00000|100%| S|  |TAMS 0x0000000086900000, 0x0000000086900000| Complete 
|  90|0x0000000086a00000, 0x0000000086b00000, 0x0000000086b00000|100%| S|  |TAMS 0x0000000086a00000, 0x0000000086a00000| Complete 
|  91|0x0000000086b00000, 0x0000000086c00000, 0x0000000086c00000|100%| S|  |TAMS 0x0000000086b00000, 0x0000000086b00000| Complete 
|  92|0x0000000086c00000, 0x0000000086d00000, 0x0000000086d00000|100%| S|  |TAMS 0x0000000086c00000, 0x0000000086c00000| Complete 
|  93|0x0000000086d00000, 0x0000000086e00000, 0x0000000086e00000|100%| S|  |TAMS 0x0000000086d00000, 0x0000000086d00000| Complete 
|  94|0x0000000086e00000, 0x0000000086f00000, 0x0000000086f00000|100%| S|  |TAMS 0x0000000086e00000, 0x0000000086e00000| Complete 
|  95|0x0000000086f00000, 0x0000000087000000, 0x0000000087000000|100%| S|  |TAMS 0x0000000086f00000, 0x0000000086f00000| Complete 
|  96|0x0000000087000000, 0x0000000087100000, 0x0000000087100000|100%| S|  |TAMS 0x0000000087000000, 0x0000000087000000| Complete 
|  97|0x0000000087100000, 0x0000000087200000, 0x0000000087200000|100%| S|  |TAMS 0x0000000087100000, 0x0000000087100000| Complete 
|  98|0x0000000087200000, 0x0000000087300000, 0x0000000087300000|100%| S|  |TAMS 0x0000000087200000, 0x0000000087200000| Complete 
|  99|0x0000000087300000, 0x0000000087400000, 0x0000000087400000|100%| E|CS|TAMS 0x0000000087300000, 0x0000000087300000| Complete 
| 100|0x0000000087400000, 0x0000000087500000, 0x0000000087500000|100%| E|CS|TAMS 0x0000000087400000, 0x0000000087400000| Complete 
| 101|0x0000000087500000, 0x0000000087600000, 0x0000000087600000|100%| E|CS|TAMS 0x0000000087500000, 0x0000000087500000| Complete 
| 102|0x0000000087600000, 0x0000000087700000, 0x0000000087700000|100%| E|CS|TAMS 0x0000000087600000, 0x0000000087600000| Complete 
| 103|0x0000000087700000, 0x0000000087800000, 0x0000000087800000|100%| E|CS|TAMS 0x0000000087700000, 0x0000000087700000| Complete 
| 104|0x0000000087800000, 0x0000000087900000, 0x0000000087900000|100%| E|CS|TAMS 0x0000000087800000, 0x0000000087800000| Complete 
| 105|0x0000000087900000, 0x0000000087a00000, 0x0000000087a00000|100%| E|CS|TAMS 0x0000000087900000, 0x0000000087900000| Complete 
| 106|0x0000000087a00000, 0x0000000087b00000, 0x0000000087b00000|100%| E|CS|TAMS 0x0000000087a00000, 0x0000000087a00000| Complete 
| 107|0x0000000087b00000, 0x0000000087c00000, 0x0000000087c00000|100%| E|CS|TAMS 0x0000000087b00000, 0x0000000087b00000| Complete 
| 108|0x0000000087c00000, 0x0000000087d00000, 0x0000000087d00000|100%| E|CS|TAMS 0x0000000087c00000, 0x0000000087c00000| Complete 
| 109|0x0000000087d00000, 0x0000000087e00000, 0x0000000087e00000|100%| E|CS|TAMS 0x0000000087d00000, 0x0000000087d00000| Complete 
| 110|0x0000000087e00000, 0x0000000087f00000, 0x0000000087f00000|100%| E|CS|TAMS 0x0000000087e00000, 0x0000000087e00000| Complete 
| 111|0x0000000087f00000, 0x0000000088000000, 0x0000000088000000|100%| E|CS|TAMS 0x0000000087f00000, 0x0000000087f00000| Complete 
| 112|0x0000000088000000, 0x0000000088100000, 0x0000000088100000|100%| E|CS|TAMS 0x0000000088000000, 0x0000000088000000| Complete 
| 113|0x0000000088100000, 0x0000000088200000, 0x0000000088200000|100%| E|CS|TAMS 0x0000000088100000, 0x0000000088100000| Complete 
| 114|0x0000000088200000, 0x0000000088300000, 0x0000000088300000|100%| E|CS|TAMS 0x0000000088200000, 0x0000000088200000| Complete 
| 115|0x0000000088300000, 0x0000000088400000, 0x0000000088400000|100%| E|CS|TAMS 0x0000000088300000, 0x0000000088300000| Complete 
| 116|0x0000000088400000, 0x0000000088500000, 0x0000000088500000|100%| E|CS|TAMS 0x0000000088400000, 0x0000000088400000| Complete 
| 117|0x0000000088500000, 0x0000000088600000, 0x0000000088600000|100%| E|CS|TAMS 0x0000000088500000, 0x0000000088500000| Complete 
| 118|0x0000000088600000, 0x0000000088700000, 0x0000000088700000|100%| E|CS|TAMS 0x0000000088600000, 0x0000000088600000| Complete 
| 119|0x0000000088700000, 0x0000000088800000, 0x0000000088800000|100%| E|CS|TAMS 0x0000000088700000, 0x0000000088700000| Complete 
| 120|0x0000000088800000, 0x0000000088900000, 0x0000000088900000|100%| E|CS|TAMS 0x0000000088800000, 0x0000000088800000| Complete 
| 121|0x0000000088900000, 0x0000000088a00000, 0x0000000088a00000|100%| E|CS|TAMS 0x0000000088900000, 0x0000000088900000| Complete 
| 122|0x0000000088a00000, 0x0000000088b00000, 0x0000000088b00000|100%| E|CS|TAMS 0x0000000088a00000, 0x0000000088a00000| Complete 
| 123|0x0000000088b00000, 0x0000000088c00000, 0x0000000088c00000|100%| E|CS|TAMS 0x0000000088b00000, 0x0000000088b00000| Complete 
| 124|0x0000000088c00000, 0x0000000088d00000, 0x0000000088d00000|100%| E|CS|TAMS 0x0000000088c00000, 0x0000000088c00000| Complete 
| 125|0x0000000088d00000, 0x0000000088e00000, 0x0000000088e00000|100%| E|CS|TAMS 0x0000000088d00000, 0x0000000088d00000| Complete 
| 126|0x0000000088e00000, 0x0000000088f00000, 0x0000000088f00000|100%| E|CS|TAMS 0x0000000088e00000, 0x0000000088e00000| Complete 
| 127|0x0000000088f00000, 0x0000000089000000, 0x0000000089000000|100%| E|CS|TAMS 0x0000000088f00000, 0x0000000088f00000| Complete 
| 128|0x0000000089000000, 0x0000000089100000, 0x0000000089100000|100%| E|CS|TAMS 0x0000000089000000, 0x0000000089000000| Complete 
| 129|0x0000000089100000, 0x0000000089200000, 0x0000000089200000|100%| E|CS|TAMS 0x0000000089100000, 0x0000000089100000| Complete 
| 130|0x0000000089200000, 0x0000000089300000, 0x0000000089300000|100%| E|CS|TAMS 0x0000000089200000, 0x0000000089200000| Complete 
| 131|0x0000000089300000, 0x0000000089400000, 0x0000000089400000|100%| E|CS|TAMS 0x0000000089300000, 0x0000000089300000| Complete 
| 132|0x0000000089400000, 0x0000000089500000, 0x0000000089500000|100%| E|CS|TAMS 0x0000000089400000, 0x0000000089400000| Complete 
| 133|0x0000000089500000, 0x0000000089600000, 0x0000000089600000|100%| E|CS|TAMS 0x0000000089500000, 0x0000000089500000| Complete 
| 134|0x0000000089600000, 0x0000000089700000, 0x0000000089700000|100%| E|CS|TAMS 0x0000000089600000, 0x0000000089600000| Complete 
| 135|0x0000000089700000, 0x0000000089800000, 0x0000000089800000|100%| E|CS|TAMS 0x0000000089700000, 0x0000000089700000| Complete 
| 136|0x0000000089800000, 0x0000000089900000, 0x0000000089900000|100%| E|CS|TAMS 0x0000000089800000, 0x0000000089800000| Complete 
| 137|0x0000000089900000, 0x0000000089a00000, 0x0000000089a00000|100%| E|CS|TAMS 0x0000000089900000, 0x0000000089900000| Complete 
| 138|0x0000000089a00000, 0x0000000089b00000, 0x0000000089b00000|100%| E|CS|TAMS 0x0000000089a00000, 0x0000000089a00000| Complete 
| 139|0x0000000089b00000, 0x0000000089c00000, 0x0000000089c00000|100%| E|CS|TAMS 0x0000000089b00000, 0x0000000089b00000| Complete 
| 140|0x0000000089c00000, 0x0000000089d00000, 0x0000000089d00000|100%| E|CS|TAMS 0x0000000089c00000, 0x0000000089c00000| Complete 
| 141|0x0000000089d00000, 0x0000000089e00000, 0x0000000089e00000|100%| E|CS|TAMS 0x0000000089d00000, 0x0000000089d00000| Complete 
| 142|0x0000000089e00000, 0x0000000089f00000, 0x0000000089f00000|100%| E|CS|TAMS 0x0000000089e00000, 0x0000000089e00000| Complete 
| 143|0x0000000089f00000, 0x000000008a000000, 0x000000008a000000|100%| E|CS|TAMS 0x0000000089f00000, 0x0000000089f00000| Complete 
| 144|0x000000008a000000, 0x000000008a100000, 0x000000008a100000|100%| E|CS|TAMS 0x000000008a000000, 0x000000008a000000| Complete 
| 145|0x000000008a100000, 0x000000008a200000, 0x000000008a200000|100%| E|CS|TAMS 0x000000008a100000, 0x000000008a100000| Complete 
| 146|0x000000008a200000, 0x000000008a300000, 0x000000008a300000|100%| E|CS|TAMS 0x000000008a200000, 0x000000008a200000| Complete 
| 147|0x000000008a300000, 0x000000008a400000, 0x000000008a400000|100%| E|CS|TAMS 0x000000008a300000, 0x000000008a300000| Complete 
| 148|0x000000008a400000, 0x000000008a500000, 0x000000008a500000|100%| E|CS|TAMS 0x000000008a400000, 0x000000008a400000| Complete 
| 149|0x000000008a500000, 0x000000008a600000, 0x000000008a600000|100%| E|CS|TAMS 0x000000008a500000, 0x000000008a500000| Complete 
| 150|0x000000008a600000, 0x000000008a700000, 0x000000008a700000|100%| E|CS|TAMS 0x000000008a600000, 0x000000008a600000| Complete 
| 151|0x000000008a700000, 0x000000008a800000, 0x000000008a800000|100%| E|CS|TAMS 0x000000008a700000, 0x000000008a700000| Complete 
| 152|0x000000008a800000, 0x000000008a900000, 0x000000008a900000|100%| E|CS|TAMS 0x000000008a800000, 0x000000008a800000| Complete 
| 153|0x000000008a900000, 0x000000008aa00000, 0x000000008aa00000|100%| E|CS|TAMS 0x000000008a900000, 0x000000008a900000| Complete 
| 154|0x000000008aa00000, 0x000000008ab00000, 0x000000008ab00000|100%| E|CS|TAMS 0x000000008aa00000, 0x000000008aa00000| Complete 
| 155|0x000000008ab00000, 0x000000008ac00000, 0x000000008ac00000|100%| E|CS|TAMS 0x000000008ab00000, 0x000000008ab00000| Complete 
| 156|0x000000008ac00000, 0x000000008ad00000, 0x000000008ad00000|100%| E|CS|TAMS 0x000000008ac00000, 0x000000008ac00000| Complete 
| 157|0x000000008ad00000, 0x000000008ae00000, 0x000000008ae00000|100%| E|CS|TAMS 0x000000008ad00000, 0x000000008ad00000| Complete 
| 158|0x000000008ae00000, 0x000000008af00000, 0x000000008af00000|100%| E|CS|TAMS 0x000000008ae00000, 0x000000008ae00000| Complete 
| 159|0x000000008af00000, 0x000000008b000000, 0x000000008b000000|100%| E|CS|TAMS 0x000000008af00000, 0x000000008af00000| Complete 
| 160|0x000000008b000000, 0x000000008b100000, 0x000000008b100000|100%| E|CS|TAMS 0x000000008b000000, 0x000000008b000000| Complete 
| 161|0x000000008b100000, 0x000000008b200000, 0x000000008b200000|100%| E|CS|TAMS 0x000000008b100000, 0x000000008b100000| Complete 
| 162|0x000000008b200000, 0x000000008b300000, 0x000000008b300000|100%| E|CS|TAMS 0x000000008b200000, 0x000000008b200000| Complete 
| 163|0x000000008b300000, 0x000000008b400000, 0x000000008b400000|100%| E|CS|TAMS 0x000000008b300000, 0x000000008b300000| Complete 
| 164|0x000000008b400000, 0x000000008b500000, 0x000000008b500000|100%| E|CS|TAMS 0x000000008b400000, 0x000000008b400000| Complete 
| 165|0x000000008b500000, 0x000000008b600000, 0x000000008b600000|100%| E|CS|TAMS 0x000000008b500000, 0x000000008b500000| Complete 
| 166|0x000000008b600000, 0x000000008b700000, 0x000000008b700000|100%| E|CS|TAMS 0x000000008b600000, 0x000000008b600000| Complete 
| 167|0x000000008b700000, 0x000000008b800000, 0x000000008b800000|100%| E|CS|TAMS 0x000000008b700000, 0x000000008b700000| Complete 
| 168|0x000000008b800000, 0x000000008b900000, 0x000000008b900000|100%| E|CS|TAMS 0x000000008b800000, 0x000000008b800000| Complete 
| 169|0x000000008b900000, 0x000000008ba00000, 0x000000008ba00000|100%| E|CS|TAMS 0x000000008b900000, 0x000000008b900000| Complete 
| 170|0x000000008ba00000, 0x000000008bb00000, 0x000000008bb00000|100%| E|CS|TAMS 0x000000008ba00000, 0x000000008ba00000| Complete 
| 171|0x000000008bb00000, 0x000000008bc00000, 0x000000008bc00000|100%| E|CS|TAMS 0x000000008bb00000, 0x000000008bb00000| Complete 
| 172|0x000000008bc00000, 0x000000008bd00000, 0x000000008bd00000|100%| E|CS|TAMS 0x000000008bc00000, 0x000000008bc00000| Complete 
| 173|0x000000008bd00000, 0x000000008be00000, 0x000000008be00000|100%| E|CS|TAMS 0x000000008bd00000, 0x000000008bd00000| Complete 
| 174|0x000000008be00000, 0x000000008bf00000, 0x000000008bf00000|100%| E|CS|TAMS 0x000000008be00000, 0x000000008be00000| Complete 
| 175|0x000000008bf00000, 0x000000008c000000, 0x000000008c000000|100%| E|CS|TAMS 0x000000008bf00000, 0x000000008bf00000| Complete 
| 176|0x000000008c000000, 0x000000008c100000, 0x000000008c100000|100%| E|CS|TAMS 0x000000008c000000, 0x000000008c000000| Complete 
| 177|0x000000008c100000, 0x000000008c200000, 0x000000008c200000|100%| E|CS|TAMS 0x000000008c100000, 0x000000008c100000| Complete 
| 178|0x000000008c200000, 0x000000008c300000, 0x000000008c300000|100%| E|CS|TAMS 0x000000008c200000, 0x000000008c200000| Complete 
| 179|0x000000008c300000, 0x000000008c400000, 0x000000008c400000|100%| E|CS|TAMS 0x000000008c300000, 0x000000008c300000| Complete 
| 180|0x000000008c400000, 0x000000008c500000, 0x000000008c500000|100%| E|CS|TAMS 0x000000008c400000, 0x000000008c400000| Complete 
| 181|0x000000008c500000, 0x000000008c600000, 0x000000008c600000|100%| E|CS|TAMS 0x000000008c500000, 0x000000008c500000| Complete 
| 182|0x000000008c600000, 0x000000008c700000, 0x000000008c700000|100%| E|CS|TAMS 0x000000008c600000, 0x000000008c600000| Complete 
| 183|0x000000008c700000, 0x000000008c800000, 0x000000008c800000|100%| E|CS|TAMS 0x000000008c700000, 0x000000008c700000| Complete 
| 184|0x000000008c800000, 0x000000008c900000, 0x000000008c900000|100%| E|CS|TAMS 0x000000008c800000, 0x000000008c800000| Complete 
| 185|0x000000008c900000, 0x000000008ca00000, 0x000000008ca00000|100%| E|CS|TAMS 0x000000008c900000, 0x000000008c900000| Complete 
| 186|0x000000008ca00000, 0x000000008cb00000, 0x000000008cb00000|100%| E|CS|TAMS 0x000000008ca00000, 0x000000008ca00000| Complete 
| 187|0x000000008cb00000, 0x000000008cc00000, 0x000000008cc00000|100%| E|CS|TAMS 0x000000008cb00000, 0x000000008cb00000| Complete 
| 188|0x000000008cc00000, 0x000000008cd00000, 0x000000008cd00000|100%| E|CS|TAMS 0x000000008cc00000, 0x000000008cc00000| Complete 
| 189|0x000000008cd00000, 0x000000008ce00000, 0x000000008ce00000|100%| E|CS|TAMS 0x000000008cd00000, 0x000000008cd00000| Complete 
| 190|0x000000008ce00000, 0x000000008cf00000, 0x000000008cf00000|100%| E|CS|TAMS 0x000000008ce00000, 0x000000008ce00000| Complete 
| 191|0x000000008cf00000, 0x000000008d000000, 0x000000008d000000|100%| E|CS|TAMS 0x000000008cf00000, 0x000000008cf00000| Complete 
| 192|0x000000008d000000, 0x000000008d100000, 0x000000008d100000|100%| E|CS|TAMS 0x000000008d000000, 0x000000008d000000| Complete 
| 193|0x000000008d100000, 0x000000008d200000, 0x000000008d200000|100%| E|CS|TAMS 0x000000008d100000, 0x000000008d100000| Complete 
| 194|0x000000008d200000, 0x000000008d300000, 0x000000008d300000|100%| E|CS|TAMS 0x000000008d200000, 0x000000008d200000| Complete 
| 195|0x000000008d300000, 0x000000008d400000, 0x000000008d400000|100%| E|CS|TAMS 0x000000008d300000, 0x000000008d300000| Complete 
| 196|0x000000008d400000, 0x000000008d500000, 0x000000008d500000|100%| E|CS|TAMS 0x000000008d400000, 0x000000008d400000| Complete 
| 197|0x000000008d500000, 0x000000008d600000, 0x000000008d600000|100%| E|CS|TAMS 0x000000008d500000, 0x000000008d500000| Complete 
| 198|0x000000008d600000, 0x000000008d700000, 0x000000008d700000|100%| E|CS|TAMS 0x000000008d600000, 0x000000008d600000| Complete 
| 199|0x000000008d700000, 0x000000008d800000, 0x000000008d800000|100%| E|CS|TAMS 0x000000008d700000, 0x000000008d700000| Complete 
| 200|0x000000008d800000, 0x000000008d900000, 0x000000008d900000|100%| E|CS|TAMS 0x000000008d800000, 0x000000008d800000| Complete 
| 201|0x000000008d900000, 0x000000008da00000, 0x000000008da00000|100%| E|CS|TAMS 0x000000008d900000, 0x000000008d900000| Complete 
| 202|0x000000008da00000, 0x000000008db00000, 0x000000008db00000|100%| E|CS|TAMS 0x000000008da00000, 0x000000008da00000| Complete 
| 203|0x000000008db00000, 0x000000008dc00000, 0x000000008dc00000|100%| E|CS|TAMS 0x000000008db00000, 0x000000008db00000| Complete 
| 204|0x000000008dc00000, 0x000000008dd00000, 0x000000008dd00000|100%| E|CS|TAMS 0x000000008dc00000, 0x000000008dc00000| Complete 
| 205|0x000000008dd00000, 0x000000008de00000, 0x000000008de00000|100%| E|CS|TAMS 0x000000008dd00000, 0x000000008dd00000| Complete 
| 206|0x000000008de00000, 0x000000008df00000, 0x000000008df00000|100%| E|CS|TAMS 0x000000008de00000, 0x000000008de00000| Complete 
| 207|0x000000008df00000, 0x000000008e000000, 0x000000008e000000|100%| E|CS|TAMS 0x000000008df00000, 0x000000008df00000| Complete 
| 208|0x000000008e000000, 0x000000008e100000, 0x000000008e100000|100%| E|CS|TAMS 0x000000008e000000, 0x000000008e000000| Complete 
| 209|0x000000008e100000, 0x000000008e200000, 0x000000008e200000|100%| E|CS|TAMS 0x000000008e100000, 0x000000008e100000| Complete 
| 210|0x000000008e200000, 0x000000008e300000, 0x000000008e300000|100%| E|CS|TAMS 0x000000008e200000, 0x000000008e200000| Complete 
| 211|0x000000008e300000, 0x000000008e400000, 0x000000008e400000|100%| E|CS|TAMS 0x000000008e300000, 0x000000008e300000| Complete 
| 212|0x000000008e400000, 0x000000008e500000, 0x000000008e500000|100%| E|CS|TAMS 0x000000008e400000, 0x000000008e400000| Complete 
| 213|0x000000008e500000, 0x000000008e600000, 0x000000008e600000|100%| E|CS|TAMS 0x000000008e500000, 0x000000008e500000| Complete 
| 214|0x000000008e600000, 0x000000008e700000, 0x000000008e700000|100%| E|CS|TAMS 0x000000008e600000, 0x000000008e600000| Complete 

Card table byte_map: [0x0000014656220000,0x0000014656620000] _byte_map_base: 0x0000014655e18000

Marking Bits (Prev, Next): (CMBitMap*) 0x000001463e76c6c0, (CMBitMap*) 0x000001463e76c688
 Prev Bits: [0x00000146589e0000, 0x000001465a9a0000)
 Next Bits: [0x0000014656a20000, 0x00000146589e0000)

Polling page: 0x000001463df10000

Metaspace:

Usage:
  Non-class:     67.43 MB capacity,    66.05 MB ( 98%) used,     1.07 MB (  2%) free+waste,   317.81 KB ( <1%) overhead. 
      Class:     10.84 MB capacity,     9.87 MB ( 91%) used,   847.35 KB (  8%) free+waste,   151.94 KB (  1%) overhead. 
       Both:     78.27 MB capacity,    75.91 MB ( 97%) used,     1.90 MB (  2%) free+waste,   469.75 KB ( <1%) overhead. 

Virtual space:
  Non-class space:       68.00 MB reserved,      67.50 MB (>99%) committed 
      Class space:        1.00 GB reserved,      10.88 MB (  1%) committed 
             Both:        1.07 GB reserved,      78.38 MB (  7%) committed 

Chunk freelists:
   Non-Class:  8.00 KB
       Class:  1.00 KB
        Both:  9.00 KB

MaxMetaspaceSize: 17179869184.00 GB
CompressedClassSpaceSize: 1.00 GB

CodeHeap 'non-profiled nmethods': size=120064Kb used=4444Kb max_used=4444Kb free=115619Kb
 bounds [0x000001464e8e0000, 0x000001464ed40000, 0x0000014655e20000]
CodeHeap 'profiled nmethods': size=120000Kb used=15041Kb max_used=15041Kb free=104958Kb
 bounds [0x00000146473b0000, 0x0000014648270000, 0x000001464e8e0000]
CodeHeap 'non-nmethods': size=5696Kb used=1249Kb max_used=1305Kb free=4446Kb
 bounds [0x0000014646e20000, 0x0000014647090000, 0x00000146473b0000]
 total_blobs=7581 nmethods=6953 adapters=538
 compilation: enabled
              stopped_count=0, restarted_count=0
 full_count=0

Compilation events (20 events):
Event: 10.692 Thread 0x000001465d73b000 7323       1       java.beans.FeatureDescriptor::setDisplayName (6 bytes)
Event: 10.692 Thread 0x000001465d73b000 nmethod 7323 0x000001464ed36590 code [0x000001464ed36740, 0x000001464ed36838]
Event: 10.692 Thread 0x000001465d73b000 7324       1       org.springframework.beans.ExtendedBeanInfo$SimplePropertyDescriptor::setPropertyEditorClass (6 bytes)
Event: 10.692 Thread 0x000001465d73b000 nmethod 7324 0x000001464ed36890 code [0x000001464ed36a40, 0x000001464ed36b38]
Event: 10.692 Thread 0x000001465d73b000 7325       1       java.beans.PropertyDescriptor::isBound (5 bytes)
Event: 10.692 Thread 0x000001465d73b000 nmethod 7325 0x000001464ed36b90 code [0x000001464ed36d40, 0x000001464ed36df8]
Event: 10.692 Thread 0x000001465d73b000 7326       1       java.beans.PropertyDescriptor::isConstrained (5 bytes)
Event: 10.692 Thread 0x000001465d73b000 nmethod 7326 0x000001464ed36e90 code [0x000001464ed37040, 0x000001464ed370f8]
Event: 10.696 Thread 0x000001465d73b000 7327       2       org.springframework.beans.ExtendedBeanInfo$$Lambda$1061/0x0000000100878040::compare (12 bytes)
Event: 10.696 Thread 0x000001465d73b000 nmethod 7327 0x0000014648260e90 code [0x0000014648261080, 0x00000146482612e8]
Event: 10.696 Thread 0x000001465d73b000 7328       2       org.springframework.beans.ExtendedBeanInfo::lambda$findCandidateWriteMethods$0 (12 bytes)
Event: 10.697 Thread 0x000001465d73b000 nmethod 7328 0x0000014648261510 code [0x0000014648261700, 0x0000014648261948]
Event: 10.699 Thread 0x000001465d73b000 7329       2       java.util.concurrent.ConcurrentHashMap::comparableClassFor (115 bytes)
Event: 10.699 Thread 0x000001465d73b000 nmethod 7329 0x0000014648261b90 code [0x0000014648261dc0, 0x00000146482622d8]
Event: 10.700 Thread 0x000001465d73b000 7330       2       java.util.concurrent.ConcurrentHashMap$TreeNode::<init> (16 bytes)
Event: 10.700 Thread 0x000001465d73b000 nmethod 7330 0x0000014648262590 code [0x0000014648262740, 0x00000146482629b8]
Event: 10.712 Thread 0x000001465d73b000 7331       2       org.springframework.boot.context.properties.bind.JavaBeanBinder$Bean$$Lambda$608/0x00000001003c3c40::accept (12 bytes)
Event: 10.712 Thread 0x000001465d73b000 nmethod 7331 0x0000014648262a90 code [0x0000014648262c60, 0x0000014648262e68]
Event: 10.712 Thread 0x000001465d73b000 7332       2       org.springframework.boot.context.properties.bind.JavaBeanBinder$BeanProperty::addSetter (21 bytes)
Event: 10.712 Thread 0x000001465d73b000 nmethod 7332 0x0000014648262f90 code [0x0000014648263160, 0x00000146482633e8]

GC Heap History (20 events):
Event: 1.186 GC heap after
{Heap after GC invocations=4 (full 0):
 garbage-first heap   total 131072K, used 9908K [0x0000000081000000, 0x0000000100000000)
  region size 1024K, 3 young (3072K), 3 survivors (3072K)
 Metaspace       used 18507K, capacity 19093K, committed 19200K, reserved 1067008K
  class space    used 1975K, capacity 2213K, committed 2304K, reserved 1048576K
}
Event: 1.440 GC heap before
{Heap before GC invocations=4 (full 0):
 garbage-first heap   total 131072K, used 26292K [0x0000000081000000, 0x0000000100000000)
  region size 1024K, 20 young (20480K), 3 survivors (3072K)
 Metaspace       used 20592K, capacity 21203K, committed 21248K, reserved 1069056K
  class space    used 2272K, capacity 2557K, committed 2560K, reserved 1048576K
}
Event: 1.445 GC heap after
{Heap after GC invocations=5 (full 0):
 garbage-first heap   total 157696K, used 10501K [0x0000000081000000, 0x0000000100000000)
  region size 1024K, 4 young (4096K), 4 survivors (4096K)
 Metaspace       used 20592K, capacity 21203K, committed 21248K, reserved 1069056K
  class space    used 2272K, capacity 2557K, committed 2560K, reserved 1048576K
}
Event: 2.009 GC heap before
{Heap before GC invocations=6 (full 0):
 garbage-first heap   total 157696K, used 63749K [0x0000000081000000, 0x0000000100000000)
  region size 1024K, 56 young (57344K), 4 survivors (4096K)
 Metaspace       used 28822K, capacity 29658K, committed 29824K, reserved 1075200K
  class space    used 3339K, capacity 3679K, committed 3712K, reserved 1048576K
}
Event: 2.033 GC heap after
{Heap after GC invocations=7 (full 0):
 garbage-first heap   total 157696K, used 12708K [0x0000000081000000, 0x0000000100000000)
  region size 1024K, 6 young (6144K), 6 survivors (6144K)
 Metaspace       used 28822K, capacity 29658K, committed 29824K, reserved 1075200K
  class space    used 3339K, capacity 3679K, committed 3712K, reserved 1048576K
}
Event: 2.479 GC heap before
{Heap before GC invocations=7 (full 0):
 garbage-first heap   total 157696K, used 88484K [0x0000000081000000, 0x0000000100000000)
  region size 1024K, 81 young (82944K), 6 survivors (6144K)
 Metaspace       used 31238K, capacity 32279K, committed 32512K, reserved 1077248K
  class space    used 3603K, capacity 4023K, committed 4096K, reserved 1048576K
}
Event: 2.487 GC heap after
{Heap after GC invocations=8 (full 0):
 garbage-first heap   total 157696K, used 15131K [0x0000000081000000, 0x0000000100000000)
  region size 1024K, 8 young (8192K), 8 survivors (8192K)
 Metaspace       used 31238K, capacity 32279K, committed 32512K, reserved 1077248K
  class space    used 3603K, capacity 4023K, committed 4096K, reserved 1048576K
}
Event: 3.126 GC heap before
{Heap before GC invocations=8 (full 0):
 garbage-first heap   total 157696K, used 72475K [0x0000000081000000, 0x0000000100000000)
  region size 1024K, 65 young (66560K), 8 survivors (8192K)
 Metaspace       used 34716K, capacity 35808K, committed 35840K, reserved 1081344K
  class space    used 4103K, capacity 4578K, committed 4608K, reserved 1048576K
}
Event: 3.140 GC heap after
{Heap after GC invocations=9 (full 0):
 garbage-first heap   total 157696K, used 16221K [0x0000000081000000, 0x0000000100000000)
  region size 1024K, 8 young (8192K), 8 survivors (8192K)
 Metaspace       used 34716K, capacity 35808K, committed 35840K, reserved 1081344K
  class space    used 4103K, capacity 4578K, committed 4608K, reserved 1048576K
}
Event: 4.459 GC heap before
{Heap before GC invocations=10 (full 0):
 garbage-first heap   total 157696K, used 102237K [0x0000000081000000, 0x0000000100000000)
  region size 1024K, 92 young (94208K), 8 survivors (8192K)
 Metaspace       used 43792K, capacity 45074K, committed 45184K, reserved 1089536K
  class space    used 5422K, capacity 5961K, committed 6016K, reserved 1048576K
}
Event: 4.474 GC heap after
{Heap after GC invocations=11 (full 0):
 garbage-first heap   total 220160K, used 19802K [0x0000000081000000, 0x0000000100000000)
  region size 1024K, 10 young (10240K), 10 survivors (10240K)
 Metaspace       used 43792K, capacity 45074K, committed 45184K, reserved 1089536K
  class space    used 5422K, capacity 5961K, committed 6016K, reserved 1048576K
}
Event: 5.746 GC heap before
{Heap before GC invocations=11 (full 0):
 garbage-first heap   total 220160K, used 98650K [0x0000000081000000, 0x0000000100000000)
  region size 1024K, 88 young (90112K), 10 survivors (10240K)
 Metaspace       used 58751K, capacity 60090K, committed 60160K, reserved 1101824K
  class space    used 7461K, capacity 8002K, committed 8064K, reserved 1048576K
}
Event: 5.763 GC heap after
{Heap after GC invocations=12 (full 0):
 garbage-first heap   total 220160K, used 23288K [0x0000000081000000, 0x0000000100000000)
  region size 1024K, 11 young (11264K), 11 survivors (11264K)
 Metaspace       used 58751K, capacity 60090K, committed 60160K, reserved 1101824K
  class space    used 7461K, capacity 8002K, committed 8064K, reserved 1048576K
}
Event: 7.076 GC heap before
{Heap before GC invocations=13 (full 0):
 garbage-first heap   total 220160K, used 144120K [0x0000000081000000, 0x0000000100000000)
  region size 1024K, 129 young (132096K), 11 survivors (11264K)
 Metaspace       used 65201K, capacity 66830K, committed 66944K, reserved 1107968K
  class space    used 8309K, capacity 8987K, committed 9088K, reserved 1048576K
}
Event: 7.090 GC heap after
{Heap after GC invocations=14 (full 0):
 garbage-first heap   total 220160K, used 29572K [0x0000000081000000, 0x0000000100000000)
  region size 1024K, 14 young (14336K), 14 survivors (14336K)
 Metaspace       used 65201K, capacity 66830K, committed 66944K, reserved 1107968K
  class space    used 8309K, capacity 8987K, committed 9088K, reserved 1048576K
}
Event: 8.227 GC heap before
{Heap before GC invocations=14 (full 0):
 garbage-first heap   total 220160K, used 147332K [0x0000000081000000, 0x0000000100000000)
  region size 1024K, 129 young (132096K), 14 survivors (14336K)
 Metaspace       used 70902K, capacity 73163K, committed 73344K, reserved 1112064K
  class space    used 9168K, capacity 10096K, committed 10112K, reserved 1048576K
}
Event: 8.240 GC heap after
{Heap after GC invocations=15 (full 0):
 garbage-first heap   total 220160K, used 30596K [0x0000000081000000, 0x0000000100000000)
  region size 1024K, 9 young (9216K), 9 survivors (9216K)
 Metaspace       used 70902K, capacity 73163K, committed 73344K, reserved 1112064K
  class space    used 9168K, capacity 10096K, committed 10112K, reserved 1048576K
}
Event: 9.926 GC heap before
{Heap before GC invocations=15 (full 0):
 garbage-first heap   total 220160K, used 153476K [0x0000000081000000, 0x0000000100000000)
  region size 1024K, 129 young (132096K), 9 survivors (9216K)
 Metaspace       used 77417K, capacity 79897K, committed 80000K, reserved 1118208K
  class space    used 10088K, capacity 11090K, committed 11136K, reserved 1048576K
}
Event: 9.938 GC heap after
{Heap after GC invocations=16 (full 0):
 garbage-first heap   total 220160K, used 35204K [0x0000000081000000, 0x0000000100000000)
  region size 1024K, 13 young (13312K), 13 survivors (13312K)
 Metaspace       used 77417K, capacity 79897K, committed 80000K, reserved 1118208K
  class space    used 10088K, capacity 11090K, committed 11136K, reserved 1048576K
}
Event: 10.720 GC heap before
{Heap before GC invocations=16 (full 0):
 garbage-first heap   total 220160K, used 153988K [0x0000000081000000, 0x0000000100000000)
  region size 1024K, 129 young (132096K), 13 survivors (13312K)
 Metaspace       used 77736K, capacity 80151K, committed 80256K, reserved 1118208K
  class space    used 10103K, capacity 11103K, committed 11136K, reserved 1048576K
}

Deoptimization events (20 events):
Event: 10.290 Thread 0x000001463e72b000 Uncommon trap: trap_request=0xffffffde fr.pc=0x000001464ec3ca50 relative=0x0000000000001930
Event: 10.290 Thread 0x000001463e72b000 Uncommon trap: reason=class_check action=maybe_recompile pc=0x000001464ec3ca50 method=org.springframework.core.SerializableTypeWrapper.unwrap(Ljava/lang/reflect/Type;)Ljava/lang/reflect/Type; @ 18 c2
Event: 10.290 Thread 0x000001463e72b000 DEOPT PACKING pc=0x000001464ec3ca50 sp=0x00000009d90f6ec0
Event: 10.290 Thread 0x000001463e72b000 DEOPT UNPACKING pc=0x0000014646e474af sp=0x00000009d90f6ed0 mode 2
Event: 10.296 Thread 0x000001463e72b000 DEOPT PACKING pc=0x0000014647727f64 sp=0x00000009d90f6bb0
Event: 10.296 Thread 0x000001463e72b000 DEOPT UNPACKING pc=0x0000014646e472ce sp=0x00000009d90f6040 mode 0
Event: 10.364 Thread 0x000001463e72b000 DEOPT PACKING pc=0x0000014647727f64 sp=0x00000009d90fb9f0
Event: 10.364 Thread 0x000001463e72b000 DEOPT UNPACKING pc=0x0000014646e472ce sp=0x00000009d90fae80 mode 0
Event: 10.500 Thread 0x000001463e72b000 Uncommon trap: trap_request=0xffffffc6 fr.pc=0x000001464ed1a10c relative=0x0000000000001b4c
Event: 10.500 Thread 0x000001463e72b000 Uncommon trap: reason=bimorphic_or_optimized_type_check action=maybe_recompile pc=0x000001464ed1a10c method=org.springframework.core.SerializableTypeWrapper.unwrap(Ljava/lang/reflect/Type;)Ljava/lang/reflect/Type; @ 18 c2
Event: 10.500 Thread 0x000001463e72b000 DEOPT PACKING pc=0x000001464ed1a10c sp=0x00000009d90f7400
Event: 10.500 Thread 0x000001463e72b000 DEOPT UNPACKING pc=0x0000014646e474af sp=0x00000009d90f7420 mode 2
Event: 10.500 Thread 0x000001463e72b000 Uncommon trap: trap_request=0xffffffc6 fr.pc=0x000001464ed1a10c relative=0x0000000000001b4c
Event: 10.500 Thread 0x000001463e72b000 Uncommon trap: reason=bimorphic_or_optimized_type_check action=maybe_recompile pc=0x000001464ed1a10c method=org.springframework.core.SerializableTypeWrapper.unwrap(Ljava/lang/reflect/Type;)Ljava/lang/reflect/Type; @ 18 c2
Event: 10.500 Thread 0x000001463e72b000 DEOPT PACKING pc=0x000001464ed1a10c sp=0x00000009d90f7230
Event: 10.500 Thread 0x000001463e72b000 DEOPT UNPACKING pc=0x0000014646e474af sp=0x00000009d90f7250 mode 2
Event: 10.500 Thread 0x000001463e72b000 Uncommon trap: trap_request=0xffffffde fr.pc=0x000001464ed1a5b0 relative=0x0000000000001ff0
Event: 10.500 Thread 0x000001463e72b000 Uncommon trap: reason=class_check action=maybe_recompile pc=0x000001464ed1a5b0 method=org.springframework.core.SerializableTypeWrapper.unwrap(Ljava/lang/reflect/Type;)Ljava/lang/reflect/Type; @ 10 c2
Event: 10.500 Thread 0x000001463e72b000 DEOPT PACKING pc=0x000001464ed1a5b0 sp=0x00000009d90f7140
Event: 10.500 Thread 0x000001463e72b000 DEOPT UNPACKING pc=0x0000014646e474af sp=0x00000009d90f7160 mode 2

Classes redefined (0 events):
No events

Internal exceptions (20 events):
Event: 10.708 Thread 0x000001463e72b000 Exception <a 'java/lang/ClassNotFoundException'{0x0000000087405d50}: java/lang/ObjectCustomizer> (0x0000000087405d50) thrown at [./src/hotspot/share/classfile/systemDictionary.cpp, line 231]
Event: 10.709 Thread 0x000001463e72b000 Exception <a 'java/lang/ClassNotFoundException'{0x0000000087426688}: org/springframework/boot/autoconfigure/http/codec/CodecsAutoConfigurationCustomizer> (0x0000000087426688) thrown at [./src/hotspot/share/classfile/systemDictionary.cpp, line 231]
Event: 10.709 Thread 0x000001463e72b000 Exception <a 'java/lang/ClassNotFoundException'{0x000000008742cbf0}: java/lang/ObjectCustomizer> (0x000000008742cbf0) thrown at [./src/hotspot/share/classfile/systemDictionary.cpp, line 231]
Event: 10.710 Thread 0x000001463e72b000 Exception <a 'java/lang/ClassNotFoundException'{0x000000008744d418}: org/springframework/boot/autoconfigure/task/TaskExecutionAutoConfigurationCustomizer> (0x000000008744d418) thrown at [./src/hotspot/share/classfile/systemDictionary.cpp, line 231]
Event: 10.711 Thread 0x000001463e72b000 Exception <a 'java/lang/ClassNotFoundException'{0x00000000874590c0}: java/lang/ObjectCustomizer> (0x00000000874590c0) thrown at [./src/hotspot/share/classfile/systemDictionary.cpp, line 231]
Event: 10.711 Thread 0x000001463e72b000 Exception <a 'java/lang/ClassNotFoundException'{0x00000000874780e8}: org/springframework/boot/autoconfigure/task/TaskExecutionPropertiesCustomizer> (0x00000000874780e8) thrown at [./src/hotspot/share/classfile/systemDictionary.cpp, line 231]
Event: 10.713 Thread 0x000001463e72b000 Exception <a 'java/lang/ClassNotFoundException'{0x00000000874a6050}: java/lang/ObjectCustomizer> (0x00000000874a6050) thrown at [./src/hotspot/share/classfile/systemDictionary.cpp, line 231]
Event: 10.714 Thread 0x000001463e72b000 Exception <a 'java/lang/ClassNotFoundException'{0x00000000874c1a08}: org/springframework/boot/task/TaskExecutorBuilderCustomizer> (0x00000000874c1a08) thrown at [./src/hotspot/share/classfile/systemDictionary.cpp, line 231]
Event: 10.714 Thread 0x000001463e72b000 Exception <a 'java/lang/ClassNotFoundException'{0x00000000874d1880}: java/lang/ObjectCustomizer> (0x00000000874d1880) thrown at [./src/hotspot/share/classfile/systemDictionary.cpp, line 231]
Event: 10.715 Thread 0x000001463e72b000 Exception <a 'java/lang/ClassNotFoundException'{0x00000000874fa208}: org/springframework/boot/autoconfigure/web/servlet/error/ErrorMvcAutoConfiguration$WhitelabelErrorViewConfigurationCustomizer> (0x00000000874fa208) thrown at [./src/hotspot/share/classfile/systemDictionary.cpp, line 231]
Event: 10.715 Thread 0x000001463e72b000 Exception <a 'java/lang/ClassNotFoundException'{0x0000000087303f20}: java/lang/ObjectCustomizer> (0x0000000087303f20) thrown at [./src/hotspot/share/classfile/systemDictionary.cpp, line 231]
Event: 10.716 Thread 0x000001463e72b000 Exception <a 'java/lang/ClassNotFoundException'{0x0000000087328188}: org/springframework/boot/autoconfigure/web/servlet/error/ErrorMvcAutoConfiguration$StaticViewCustomizer> (0x0000000087328188) thrown at [./src/hotspot/share/classfile/systemDictionary.cpp, line 231]
Event: 10.716 Thread 0x000001463e72b000 Exception <a 'java/lang/ClassNotFoundException'{0x0000000087341360}: org/springframework/web/servlet/ViewCustomizer> (0x0000000087341360) thrown at [./src/hotspot/share/classfile/systemDictionary.cpp, line 231]
Event: 10.717 Thread 0x000001463e72b000 Exception <a 'java/lang/ClassNotFoundException'{0x000000008734b320}: java/lang/ObjectCustomizer> (0x000000008734b320) thrown at [./src/hotspot/share/classfile/systemDictionary.cpp, line 231]
Event: 10.717 Thread 0x000001463e72b000 Exception <a 'java/lang/ClassNotFoundException'{0x0000000087368c38}: org/springframework/context/support/ApplicationObjectSupportCustomizer> (0x0000000087368c38) thrown at [./src/hotspot/share/classfile/systemDictionary.cpp, line 231]
Event: 10.718 Thread 0x000001463e72b000 Exception <a 'java/lang/ClassNotFoundException'{0x0000000087387568}: org/springframework/web/context/support/WebApplicationObjectSupportCustomizer> (0x0000000087387568) thrown at [./src/hotspot/share/classfile/systemDictionary.cpp, line 231]
Event: 10.718 Thread 0x000001463e72b000 Exception <a 'java/lang/ClassNotFoundException'{0x00000000873a31c8}: org/springframework/web/servlet/view/BeanNameViewResolverCustomizer> (0x00000000873a31c8) thrown at [./src/hotspot/share/classfile/systemDictionary.cpp, line 231]
Event: 10.719 Thread 0x000001463e72b000 Exception <a 'java/lang/ClassNotFoundException'{0x00000000873bec98}: org/springframework/web/servlet/ViewResolverCustomizer> (0x00000000873bec98) thrown at [./src/hotspot/share/classfile/systemDictionary.cpp, line 231]
Event: 10.719 Thread 0x000001463e72b000 Exception <a 'java/lang/ClassNotFoundException'{0x00000000873d4140}: org/springframework/core/OrderedCustomizer> (0x00000000873d4140) thrown at [./src/hotspot/share/classfile/systemDictionary.cpp, line 231]
Event: 10.719 Thread 0x000001463e72b000 Exception <a 'java/lang/ClassNotFoundException'{0x00000000873ed640}: org/springframework/web/context/ServletContextAwareCustomizer> (0x00000000873ed640) thrown at [./src/hotspot/share/classfile/systemDictionary.cpp, line 231]

Events (20 events):
Event: 10.718 loading class org/springframework/web/servlet/ViewResolverCustomizer done
Event: 10.719 loading class org/springframework/web/servlet/ViewResolverCustomizer
Event: 10.719 loading class org/springframework/web/servlet/ViewResolverCustomizer done
Event: 10.719 loading class org/springframework/core/OrderedCustomizer
Event: 10.719 loading class org/springframework/core/OrderedCustomizer done
Event: 10.719 loading class org/springframework/core/OrderedCustomizer
Event: 10.719 loading class org/springframework/core/OrderedCustomizer done
Event: 10.719 loading class org/springframework/core/OrderedCustomizer
Event: 10.719 loading class org/springframework/core/OrderedCustomizer done
Event: 10.719 loading class org/springframework/web/context/ServletContextAwareCustomizer
Event: 10.719 loading class org/springframework/web/context/ServletContextAwareCustomizer done
Event: 10.719 loading class org/springframework/web/context/ServletContextAwareCustomizer
Event: 10.719 loading class org/springframework/web/context/ServletContextAwareCustomizer done
Event: 10.719 loading class org/springframework/web/context/ServletContextAwareCustomizer
Event: 10.719 loading class org/springframework/web/context/ServletContextAwareCustomizer done
Event: 10.719 loading class org/springframework/beans/factory/AwareCustomizer
Event: 10.719 loading class org/springframework/beans/factory/AwareCustomizer done
Event: 10.720 loading class org/springframework/beans/factory/AwareCustomizer
Event: 10.720 loading class org/springframework/beans/factory/AwareCustomizer done
Event: 10.720 Executing VM operation: G1CollectForAllocation


Dynamic libraries:
0x00007ff77d1c0000 - 0x00007ff77d1cd000 	C:\data\jdk11.0.9_12\bin\java.exe
0x00007ffb22310000 - 0x00007ffb22505000 	C:\WINDOWS\SYSTEM32\ntdll.dll
0x00007ffb21000000 - 0x00007ffb210bd000 	C:\WINDOWS\System32\KERNEL32.DLL
0x00007ffb20050000 - 0x00007ffb20318000 	C:\WINDOWS\System32\KERNELBASE.dll
0x00007ffb1fb90000 - 0x00007ffb1fc90000 	C:\WINDOWS\System32\ucrtbase.dll
0x00007ffaf9790000 - 0x00007ffaf97a7000 	C:\data\jdk11.0.9_12\bin\jli.dll
0x00007ffb07d90000 - 0x00007ffb07da5000 	C:\data\jdk11.0.9_12\bin\VCRUNTIME140.dll
0x00007ffb21950000 - 0x00007ffb21af0000 	C:\WINDOWS\System32\USER32.dll
0x00007ffb20320000 - 0x00007ffb20342000 	C:\WINDOWS\System32\win32u.dll
0x00007ffb15260000 - 0x00007ffb154fa000 	C:\WINDOWS\WinSxS\amd64_microsoft.windows.common-controls_6595b64144ccf1df_6.0.19041.1052_none_60b8f8fd71f5e8cb\COMCTL32.dll
0x00007ffb21af0000 - 0x00007ffb21b1a000 	C:\WINDOWS\System32\GDI32.dll
0x00007ffb20ce0000 - 0x00007ffb20d7e000 	C:\WINDOWS\System32\msvcrt.dll
0x00007ffb1fde0000 - 0x00007ffb1feeb000 	C:\WINDOWS\System32\gdi32full.dll
0x00007ffb1fd40000 - 0x00007ffb1fddd000 	C:\WINDOWS\System32\msvcp_win.dll
0x00007ffb20fc0000 - 0x00007ffb20ff0000 	C:\WINDOWS\System32\IMM32.DLL
0x00007ffb02810000 - 0x00007ffb028ab000 	C:\data\jdk11.0.9_12\bin\msvcp140.dll
0x00007ffac8430000 - 0x00007ffac8f74000 	C:\data\jdk11.0.9_12\bin\server\jvm.dll
0x00007ffb216d0000 - 0x00007ffb2177c000 	C:\WINDOWS\System32\ADVAPI32.dll
0x00007ffb210c0000 - 0x00007ffb2115b000 	C:\WINDOWS\System32\sechost.dll
0x00007ffb20de0000 - 0x00007ffb20f0b000 	C:\WINDOWS\System32\RPCRT4.dll
0x00007ffb21b20000 - 0x00007ffb21b28000 	C:\WINDOWS\System32\PSAPI.DLL
0x00007ffb0e190000 - 0x00007ffb0e199000 	C:\WINDOWS\SYSTEM32\WSOCK32.dll
0x00007ffb18080000 - 0x00007ffb180a7000 	C:\WINDOWS\SYSTEM32\WINMM.dll
0x00007ffb21660000 - 0x00007ffb216cb000 	C:\WINDOWS\System32\WS2_32.dll
0x00007ffb180b0000 - 0x00007ffb180ba000 	C:\WINDOWS\SYSTEM32\VERSION.dll
0x00007ffb1e300000 - 0x00007ffb1e312000 	C:\WINDOWS\SYSTEM32\kernel.appcore.dll
0x00007ffb11170000 - 0x00007ffb11180000 	C:\data\jdk11.0.9_12\bin\verify.dll
0x00007ffb07950000 - 0x00007ffb07b34000 	C:\WINDOWS\SYSTEM32\DBGHELP.DLL
0x00007ffb07690000 - 0x00007ffb076bc000 	C:\WINDOWS\SYSTEM32\dbgcore.DLL
0x00007ffb1fb00000 - 0x00007ffb1fb83000 	C:\WINDOWS\System32\bcryptPrimitives.dll
0x00007ffae7920000 - 0x00007ffae7948000 	C:\data\jdk11.0.9_12\bin\java.dll
0x00007ffb0fbc0000 - 0x00007ffb0fbca000 	C:\data\jdk11.0.9_12\bin\jimage.dll
0x00007ffaf89c0000 - 0x00007ffaf89d7000 	C:\data\jdk11.0.9_12\bin\zip.dll
0x00007ffb21b30000 - 0x00007ffb2226f000 	C:\WINDOWS\System32\SHELL32.dll
0x00007ffb1db60000 - 0x00007ffb1e2f0000 	C:\WINDOWS\SYSTEM32\windows.storage.dll
0x00007ffb20430000 - 0x00007ffb20785000 	C:\WINDOWS\System32\combase.dll
0x00007ffb1f320000 - 0x00007ffb1f34c000 	C:\WINDOWS\SYSTEM32\Wldp.dll
0x00007ffb20380000 - 0x00007ffb2042e000 	C:\WINDOWS\System32\SHCORE.dll
0x00007ffb21170000 - 0x00007ffb211c5000 	C:\WINDOWS\System32\shlwapi.dll
0x00007ffb1f990000 - 0x00007ffb1f9af000 	C:\WINDOWS\SYSTEM32\profapi.dll
0x00007ffaf4820000 - 0x00007ffaf4839000 	C:\data\jdk11.0.9_12\bin\net.dll
0x00007ffb17250000 - 0x00007ffb1735b000 	C:\WINDOWS\SYSTEM32\WINHTTP.dll
0x00007ffb1f100000 - 0x00007ffb1f16a000 	C:\WINDOWS\system32\mswsock.dll
0x00007ffaf44f0000 - 0x00007ffaf4502000 	C:\data\jdk11.0.9_12\bin\nio.dll
0x00007ffb1b5a0000 - 0x00007ffb1b5a9000 	C:\data\jdk11.0.9_12\bin\management.dll
0x00007ffb1b420000 - 0x00007ffb1b42b000 	C:\data\jdk11.0.9_12\bin\management_ext.dll
0x00007ffaf99c0000 - 0x00007ffaf99d7000 	C:\WINDOWS\system32\napinsp.dll
0x00007ffafe8d0000 - 0x00007ffafe8eb000 	C:\WINDOWS\system32\pnrpnsp.dll
0x00007ffafd280000 - 0x00007ffafd295000 	C:\WINDOWS\system32\wshbth.dll
0x00007ffb1b190000 - 0x00007ffb1b1ad000 	C:\WINDOWS\system32\NLAapi.dll
0x00007ffb1ee10000 - 0x00007ffb1ee4b000 	C:\WINDOWS\SYSTEM32\IPHLPAPI.DLL
0x00007ffb1ee50000 - 0x00007ffb1ef1c000 	C:\WINDOWS\SYSTEM32\DNSAPI.dll
0x00007ffb20ff0000 - 0x00007ffb20ff8000 	C:\WINDOWS\System32\NSI.dll
0x00007ffaff250000 - 0x00007ffaff262000 	C:\WINDOWS\System32\winrnr.dll
0x00007ffb171f0000 - 0x00007ffb171fa000 	C:\Windows\System32\rasadhlp.dll
0x00007ffb151b0000 - 0x00007ffb1522f000 	C:\WINDOWS\System32\fwpuclnt.dll
0x00007ffb20350000 - 0x00007ffb20377000 	C:\WINDOWS\System32\bcrypt.dll
0x00007ffb1f360000 - 0x00007ffb1f378000 	C:\WINDOWS\SYSTEM32\CRYPTSP.dll
0x00007ffb1eac0000 - 0x00007ffb1eaf4000 	C:\WINDOWS\system32\rsaenh.dll
0x00007ffb1f910000 - 0x00007ffb1f93e000 	C:\WINDOWS\SYSTEM32\USERENV.dll
0x00007ffb1f280000 - 0x00007ffb1f28c000 	C:\WINDOWS\SYSTEM32\CRYPTBASE.dll
0x00007ffb18050000 - 0x00007ffb18067000 	C:\WINDOWS\SYSTEM32\dhcpcsvc6.DLL
0x00007ffb17d50000 - 0x00007ffb17d6d000 	C:\WINDOWS\SYSTEM32\dhcpcsvc.DLL

dbghelp: loaded successfully - version: 4.0.5 - missing functions: none
symbol engine: initialized successfully - sym options: 0x614 - pdb path: .;C:\data\jdk11.0.9_12\bin;C:\WINDOWS\SYSTEM32;C:\WINDOWS\WinSxS\amd64_microsoft.windows.common-controls_6595b64144ccf1df_6.0.19041.1052_none_60b8f8fd71f5e8cb;C:\data\jdk11.0.9_12\bin\server

VM Arguments:
java_command: C:\Users\about\AppData\Local\Temp\surefire6886991320649504776\surefirebooter9077380646112378519.jar C:\Users\about\AppData\Local\Temp\surefire6886991320649504776 2021-06-28T12-35-28_300-jvmRun1 surefire16362586570689187064tmp surefire_05445429178313970564tmp
java_class_path (initial): C:\Users\about\AppData\Local\Temp\surefire6886991320649504776\surefirebooter9077380646112378519.jar
Launcher Type: SUN_STANDARD

[Global flags]
     intx CICompilerCount                          = 3                                         {product} {ergonomic}
     uint ConcGCThreads                            = 1                                         {product} {ergonomic}
     uint G1ConcRefinementThreads                  = 4                                         {product} {ergonomic}
   size_t G1HeapRegionSize                         = 1048576                                   {product} {ergonomic}
    uintx GCDrainStackTargetSize                   = 64                                        {product} {ergonomic}
   size_t InitialHeapSize                          = 134217728                                 {product} {ergonomic}
   size_t MarkStackSize                            = 4194304                                   {product} {ergonomic}
   size_t MaxHeapSize                              = 2130706432                                {product} {ergonomic}
   size_t MaxNewSize                               = 1278214144                                {product} {ergonomic}
   size_t MinHeapDeltaBytes                        = 1048576                                   {product} {ergonomic}
    uintx NonNMethodCodeHeapSize                   = 5830732                                {pd product} {ergonomic}
    uintx NonProfiledCodeHeapSize                  = 122913754                              {pd product} {ergonomic}
    uintx ProfiledCodeHeapSize                     = 122913754                              {pd product} {ergonomic}
    uintx ReservedCodeCacheSize                    = 251658240                              {pd product} {ergonomic}
     bool SegmentedCodeCache                       = true                                      {product} {ergonomic}
     bool UseCompressedClassPointers               = true                                 {lp64_product} {ergonomic}
     bool UseCompressedOops                        = true                                 {lp64_product} {ergonomic}
     bool UseG1GC                                  = true                                      {product} {ergonomic}
     bool UseLargePagesIndividualAllocation        = false                                  {pd product} {ergonomic}

Logging:
Log output configuration:
 #0: stdout all=warning uptime,level,tags
 #1: stderr all=off uptime,level,tags

Environment Variables:
JAVA_HOME=C:\data\jdk11.0.9_12
PATH=C:\Data\OpenSSL-Win64;C:\Program Files\Microsoft MPI\Bin\;C:\data\jdk11.0.9_12\bin;C:\Windows\system32;C:\Windows;C:\Windows\System32\Wbem;C:\Windows\System32\WindowsPowerShell\v1.0\;C:\Program Files (x86)\NVIDIA Corporation\PhysX\Common;C:\Program Files (x86)\ATI Technologies\ATI.ACE\Core-Static;C:\Program Files (x86)\Calibre2\;C:\WINDOWS\system32;C:\WINDOWS;C:\WINDOWS\System32\Wbem;C:\WINDOWS\System32\WindowsPowerShell\v1.0\;C:\WINDOWS\system32;C:\WINDOWS;C:\WINDOWS\System32\Wbem;C:\WINDOWS\System32\WindowsPowerShell\v1.0\;C:\WINDOWS\System32\OpenSSH\;C:\Program Files\Git\cmd;C:\data\MyDevTools\gradle-5.4\bin;C:\data\MyDevTools\apache-maven-3.6.2\bin;C:\Program Files (x86)\GtkSharp\2.12\bin;C:\Program Files\GDAL;C:\Program Files\nodejs\;C:\Program Files (x86)\Microsoft SQL Server\150\Tools\Binn\;C:\Program Files\Microsoft SQL Server\150\Tools\Binn\;C:\Program Files (x86)\Microsoft SQL Server\150\DTS\Binn\;C:\Program Files\Microsoft SQL Server\150\DTS\Binn\;C:\Program Files\Microsoft SQL Server\Client SDK\ODBC\170\Tools\Binn\;;C:\Program Files\Docker\Docker\resources\bin;C:\ProgramData\DockerDesktop\version-bin;C:\Users\about\AppData\Roaming\Python\Scripts;C:\Users\about\AppData\Local\Microsoft\WindowsApps;C:\Users\about\AppData\Roaming\npm;C:\Users\about\AppData\Local\Programs\Microsoft VS Code\bin;C:\Users\about\AppData\Local\GitHubDesktop\bin
USERNAME=about
OS=Windows_NT
PROCESSOR_IDENTIFIER=Intel64 Family 6 Model 60 Stepping 3, GenuineIntel



---------------  S Y S T E M  ---------------

OS: Windows 10 , 64 bit Build 19041 (10.0.19041.1023)
OS uptime: 0 days 17:19 hours
HyperV virtualization detected

CPU:total 4 (initial active 4) (4 cores per cpu, 1 threads per core) family 6 model 60 stepping 3, cmov, cx8, fxsr, mmx, sse, sse2, sse3, ssse3, sse4.1, sse4.2, popcnt, avx, avx2, aes, clmul, erms, lzcnt, tsc, tscinvbit, bmi1, bmi2, fma

Memory: 4k page, system-wide physical 8126M (1074M free)
TotalPageFile size 12422M (AvailPageFile size 1609M)
current process WorkingSet (physical memory assigned to process): 413M, peak: 424M
current process commit charge ("private bytes"): 470M, peak: 491M

vm_info: OpenJDK 64-Bit Server VM (11.0.9.1+12-LTS) for windows-amd64 JRE (11.0.9.1+12-LTS), built on Nov  4 2020 10:17:53 by "Administrator" with MS VC++ 15.9 (VS2017)

END.
